<?xml version="1.0" encoding="UTF-8"?>
<!-- Generated by org.testng.reporters.JUnitXMLReporter -->
<testsuite hostname="IZDT-211" ignored="7" name="AddPriceRule" tests="22" failures="1" timestamp="15 May 2018 11:46:15 GMT" time="746.714" errors="0">
  <testcase name="loginSc" time="16.059" classname="com.pricerule.sc.testcases.AddingpriceRuleDlr"/>
  <testcase name="tradeinDiscount" time="4.205" classname="com.pricerule.sc.testcases.AddingpriceRuleDlr">
    <failure type="org.openqa.selenium.ElementNotVisibleException" message="element not visible
  (Session info: chrome=66.0.3359.170)
  (Driver info: chromedriver=2.38.552522 (437e6fbedfa8762dec75e2c5b3ddb86763dc9dcb),platform=Windows NT 10.0.10586 x86_64) (WARNING: The server did not provide any stacktrace information)
Command duration or timeout: 0 milliseconds
Build info: version: &amp;apos;3.11.0&amp;apos;, revision: &amp;apos;e59cfb3&amp;apos;, time: &amp;apos;2018-03-11T20:26:55.152Z&amp;apos;
System info: host: &amp;apos;IZDT-211&amp;apos;, ip: &amp;apos;10.125.101.16&amp;apos;, os.name: &amp;apos;Windows 10&amp;apos;, os.arch: &amp;apos;amd64&amp;apos;, os.version: &amp;apos;10.0&amp;apos;, java.version: &amp;apos;1.8.0_73&amp;apos;
Driver info: org.openqa.selenium.chrome.ChromeDriver
Capabilities {acceptInsecureCerts: false, acceptSslCerts: false, applicationCacheEnabled: false, browserConnectionEnabled: false, browserName: chrome, chrome: {chromedriverVersion: 2.38.552522 (437e6fbedfa876..., userDataDir: C:\Users\rajesh.n\AppData\L...}, cssSelectorsEnabled: true, databaseEnabled: false, handlesAlerts: true, hasTouchScreen: false, javascriptEnabled: true, locationContextEnabled: true, mobileEmulationEnabled: false, nativeEvents: true, networkConnectionEnabled: false, pageLoadStrategy: normal, platform: XP, platformName: XP, rotatable: false, setWindowRect: true, takesHeapSnapshot: true, takesScreenshot: true, unexpectedAlertBehaviour: , unhandledPromptBehavior: , version: 66.0.3359.170, webStorageEnabled: true}
Session ID: d623ed81372390e096501d6199f10e17">
      <![CDATA[org.openqa.selenium.ElementNotVisibleException: element not visible
  (Session info: chrome=66.0.3359.170)
  (Driver info: chromedriver=2.38.552522 (437e6fbedfa8762dec75e2c5b3ddb86763dc9dcb),platform=Windows NT 10.0.10586 x86_64) (WARNING: The server did not provide any stacktrace information)
Command duration or timeout: 0 milliseconds
Build info: version: '3.11.0', revision: 'e59cfb3', time: '2018-03-11T20:26:55.152Z'
System info: host: 'IZDT-211', ip: '10.125.101.16', os.name: 'Windows 10', os.arch: 'amd64', os.version: '10.0', java.version: '1.8.0_73'
Driver info: org.openqa.selenium.chrome.ChromeDriver
Capabilities {acceptInsecureCerts: false, acceptSslCerts: false, applicationCacheEnabled: false, browserConnectionEnabled: false, browserName: chrome, chrome: {chromedriverVersion: 2.38.552522 (437e6fbedfa876..., userDataDir: C:\Users\rajesh.n\AppData\L...}, cssSelectorsEnabled: true, databaseEnabled: false, handlesAlerts: true, hasTouchScreen: false, javascriptEnabled: true, locationContextEnabled: true, mobileEmulationEnabled: false, nativeEvents: true, networkConnectionEnabled: false, pageLoadStrategy: normal, platform: XP, platformName: XP, rotatable: false, setWindowRect: true, takesHeapSnapshot: true, takesScreenshot: true, unexpectedAlertBehaviour: , unhandledPromptBehavior: , version: 66.0.3359.170, webStorageEnabled: true}
Session ID: d623ed81372390e096501d6199f10e17
at org.openqa.selenium.remote.ErrorHandler.createThrowable(ErrorHandler.java:214)
at org.openqa.selenium.remote.ErrorHandler.throwIfResponseFailed(ErrorHandler.java:166)
at org.openqa.selenium.remote.http.JsonHttpResponseCodec.reconstructValue(JsonHttpResponseCodec.java:40)
at org.openqa.selenium.remote.http.AbstractHttpResponseCodec.decode(AbstractHttpResponseCodec.java:80)
at org.openqa.selenium.remote.http.AbstractHttpResponseCodec.decode(AbstractHttpResponseCodec.java:44)
at org.openqa.selenium.remote.HttpCommandExecutor.execute(HttpCommandExecutor.java:158)
at org.openqa.selenium.remote.service.DriverCommandExecutor.execute(DriverCommandExecutor.java:83)
at org.openqa.selenium.remote.RemoteWebDriver.execute(RemoteWebDriver.java:545)
at org.openqa.selenium.remote.RemoteWebElement.execute(RemoteWebElement.java:279)
at org.openqa.selenium.remote.RemoteWebElement.click(RemoteWebElement.java:83)
at org.openqa.selenium.support.pagefactory.internal.LocatingElementHandler.invoke(LocatingElementHandler.java:51)
at com.sun.proxy.$Proxy10.click(Unknown Source)
at com.sc.qa.modules.PriceruleDealer.manageInventory(PriceruleDealer.java:112)
at com.pricerule.sc.testcases.AddingpriceRuleDlr.tradeinDiscount(AddingpriceRuleDlr.java:57)
... Removed 37 stack frames]]>
    </failure>
  </testcase> <!-- tradeinDiscount -->
  <testcase name="dealerDiscount" time="34.801" classname="com.pricerule.sc.testcases.AddingpriceRuleDlr"/>
  <testcase name="oemDiscount" time="10.561" classname="com.pricerule.sc.testcases.AddingpriceRuleDlr"/>
  <testcase name="greenDiscount" time="274.575" classname="com.pricerule.sc.testcases.AddingpriceRuleDlr"/>
  <testcase name="tearDown" time="1.283" classname="com.pricerule.sc.testcases.AddingpriceRuleDlr"/>
  <testcase name="withPriceRule" time="5.479" classname="com.pricerule.frontend.testcases.FrontEndCitroenDealerPriceRule"/>
  <testcase name="renualtdealerinvtUrl" time="14.651" classname="com.pricerule.frontend.testcases.FrontEndRenaultDealerPriceRule"/>
  <testcase name="tradeInDiscountPriceRule" time="4.263" classname="com.pricerule.frontend.testcases.FrontEndRenaultDealerPriceRule"/>
  <testcase name="tradeInDiscountWithOutPriceRule" time="11.561" classname="com.pricerule.frontend.testcases.FrontEndRenaultDealerPriceRule"/>
  <testcase name="dealerDiscountMakePriceRule" time="6.704" classname="com.pricerule.frontend.testcases.FrontEndRenaultDealerPriceRule"/>
  <testcase name="dealerDiscountotherMakePriceRule" time="7.077" classname="com.pricerule.frontend.testcases.FrontEndRenaultDealerPriceRule"/>
  <testcase name="loginSc" time="15.502" classname="com.pricerule.sc.testcases.ExpiredpriceRule"/>
  <testcase name="expiredDatePriceRule" time="39.317" classname="com.pricerule.sc.testcases.ExpiredpriceRule"/>
  <testcase name="inactivePriceRule" time="21.327" classname="com.pricerule.sc.testcases.ExpiredpriceRule"/>
  <testcase name="deletePriceRule" time="5.024" classname="com.pricerule.sc.testcases.ExpiredpriceRule"/>
  <testcase name="withouisPrimary" time="169.827" classname="com.pricerule.sc.testcases.ExpiredpriceRule"/>
  <testcase name="tearDown1" time="1.269" classname="com.pricerule.sc.testcases.ExpiredpriceRule"/>
  <testcase name="expiredPriceRule" time="18.373" classname="com.pricerule.frontend.testcases.FrontEndInActivePriceRule"/>
  <testcase name="inActivePriceRule" time="29.325" classname="com.pricerule.frontend.testcases.FrontEndInActivePriceRule"/>
  <testcase name="withoutIsPrimary" time="17.52" classname="com.pricerule.frontend.testcases.FrontEndInActivePriceRule"/>
  <testcase name="deletedPriceRule" time="22.868" classname="com.pricerule.frontend.testcases.FrontEndInActivePriceRule"/>
  <testcase name="@BeforeSuite setUp" time="0.0" classname="com.izmo.qa.util.ExtentReporterNG">
    <ignored/>
  </testcase> <!-- @BeforeSuite setUp -->
  <testcase name="@BeforeSuite setUp" time="0.0" classname="com.izmo.qa.util.ExtentReporterNG">
    <ignored/>
  </testcase> <!-- @BeforeSuite setUp -->
  <testcase name="@BeforeSuite setUp" time="0.0" classname="com.izmo.qa.util.ExtentReporterNG">
    <ignored/>
  </testcase> <!-- @BeforeSuite setUp -->
  <testcase name="@BeforeSuite setUp" time="0.0" classname="com.izmo.qa.util.ExtentReporterNG">
    <ignored/>
  </testcase> <!-- @BeforeSuite setUp -->
  <testcase name="@AfterSuite tearDown" time="0.0" classname="com.izmo.qa.util.ExtentReporterNG">
    <ignored/>
  </testcase> <!-- @AfterSuite tearDown -->
  <testcase name="@AfterSuite tearDown" time="0.0" classname="com.izmo.qa.util.ExtentReporterNG">
    <ignored/>
  </testcase> <!-- @AfterSuite tearDown -->
  <testcase name="@AfterSuite tearDown" time="0.0" classname="com.izmo.qa.util.ExtentReporterNG">
    <ignored/>
  </testcase> <!-- @AfterSuite tearDown -->
</testsuite> <!-- AddPriceRule -->
